<?xml version="1.0" encoding="UTF-8"?>
<!-- Generated by org.testng.reporters.JUnitReportReporter -->
<testsuite hostname="LAPTOP-OHCLIOC7" name="testng.TC005" tests="2" failures="0" timestamp="11 Nov 2021 07:56:38 GMT" time="74.537" errors="0">
  <testcase name="IrctcSignup" time="33.604" classname="testng.TC005"/>
  <testcase name="IrctcSignup" time="40.933" classname="testng.TC005"/>
</testsuite> <!-- testng.TC005 -->
