<?xml version="1.0" encoding="UTF-8"?>
<!-- Generated by org.testng.reporters.JUnitReportReporter -->
<testsuite hostname="LAPTOP-OHCLIOC7" name="testcases.TC003" tests="1" failures="0" timestamp="6 Nov 2021 05:33:15 GMT" time="27.685" errors="0">
  <testcase name="panIndia" time="27.685" classname="testcases.TC003"/>
</testsuite> <!-- testcases.TC003 -->
