<?xml version="1.0" encoding="UTF-8"?>
<!-- Generated by org.testng.reporters.JUnitReportReporter -->
<testsuite hostname="LAPTOP-OHCLIOC7" name="testng.TC008" tests="2" failures="0" timestamp="12 Nov 2021 09:54:55 GMT" time="222.260" errors="0">
  <testcase name="otpValidation" time="93.502" classname="testng.TC008"/>
  <testcase name="otpValidation" time="128.758" classname="testng.TC008"/>
</testsuite> <!-- testng.TC008 -->
