<?xml version="1.0" encoding="UTF-8"?>
<!-- Generated by org.testng.reporters.JUnitReportReporter -->
<testsuite hostname="LAPTOP-OHCLIOC7" name="testng.TC009" tests="2" failures="0" timestamp="12 Nov 2021 05:41:37 GMT" time="87.070" errors="0">
  <testcase name="gstValidation" time="44.019" classname="testng.TC009"/>
  <testcase name="gstValidation" time="43.051" classname="testng.TC009"/>
</testsuite> <!-- testng.TC009 -->
