<?xml version="1.0" encoding="UTF-8"?>
<!-- Generated by org.testng.reporters.JUnitReportReporter -->
<testsuite hostname="LAPTOP-OHCLIOC7" name="testng.TC007" tests="2" failures="0" timestamp="11 Nov 2021 10:39:25 GMT" time="57.982" errors="0">
  <testcase name="saloonCheck" time="29.104" classname="testng.TC007"/>
  <testcase name="saloonCheck" time="28.878" classname="testng.TC007"/>
</testsuite> <!-- testng.TC007 -->
