<?xml version="1.0" encoding="UTF-8"?>
<!-- Generated by org.testng.reporters.JUnitReportReporter -->
<testsuite hostname="LAPTOP-OHCLIOC7" name="testng.TC006" tests="2" failures="0" timestamp="15 Nov 2021 07:48:18 GMT" time="66.180" errors="0">
  <testcase name="bookyourCoach" time="32.959" classname="testng.TC006"/>
  <testcase name="bookyourCoach" time="33.221" classname="testng.TC006"/>
</testsuite> <!-- testng.TC006 -->
