<?xml version="1.0" encoding="UTF-8"?>
<!-- Generated by org.testng.reporters.JUnitReportReporter -->
<testsuite hostname="LAPTOP-OHCLIOC7" name="testng.TC003" tests="3" failures="0" timestamp="11 Nov 2021 08:00:36 GMT" time="116.181" errors="0">
  <testcase name="panIndia" time="38.734" classname="testng.TC003"/>
  <testcase name="panIndia" time="39.138" classname="testng.TC003"/>
  <testcase name="panIndia" time="38.309" classname="testng.TC003"/>
</testsuite> <!-- testng.TC003 -->
