<?xml version="1.0" encoding="UTF-8"?>
<!-- Generated by org.testng.reporters.JUnitReportReporter -->
<testsuite hostname="LAPTOP-OHCLIOC7" name="testcases.TC001" tests="1" failures="0" timestamp="6 Nov 2021 05:31:49 GMT" time="33.887" errors="0">
  <testcase name="facebookSignup" time="33.887" classname="testcases.TC001"/>
</testsuite> <!-- testcases.TC001 -->
