<?xml version="1.0" encoding="UTF-8"?>
<!-- Generated by org.testng.reporters.JUnitReportReporter -->
<testsuite hostname="LAPTOP-OHCLIOC7" name="testng.TC004" tests="2" failures="0" timestamp="15 Nov 2021 07:37:55 GMT" time="106.448" errors="0">
  <testcase name="indianfrroRegistration" time="52.872" classname="testng.TC004"/>
  <testcase name="indianfrroRegistration" time="53.576" classname="testng.TC004"/>
</testsuite> <!-- testng.TC004 -->
