<?xml version="1.0" encoding="UTF-8"?>
<!-- Generated by org.testng.reporters.JUnitReportReporter -->
<testsuite hostname="LAPTOP-OHCLIOC7" name="testng.TC002" tests="3" failures="0" timestamp="12 Nov 2021 09:37:47 GMT" time="48.378" errors="0">
  <testcase name="PhpTravels" time="17.065" classname="testng.TC002"/>
  <testcase name="PhpTravels" time="16.290" classname="testng.TC002"/>
  <testcase name="PhpTravels" time="15.023" classname="testng.TC002"/>
</testsuite> <!-- testng.TC002 -->
