<?xml version="1.0" encoding="UTF-8"?>
<!-- Generated by org.testng.reporters.JUnitReportReporter -->
<testsuite hostname="LAPTOP-OHCLIOC7" name="testng.TC001" tests="2" failures="0" timestamp="11 Nov 2021 08:02:06 GMT" time="23.725" errors="0">
  <testcase name="facebookSignup" time="11.210" classname="testng.TC001"/>
  <testcase name="facebookSignup" time="12.515" classname="testng.TC001"/>
</testsuite> <!-- testng.TC001 -->
